2025-12-20T15:41:46.378+05:30  INFO 4968 --- [prod-ready-features] [restartedMain] c.c.A.p.ProdReadyFeaturesApplication     : Starting ProdReadyFeaturesApplication using Java 22.0.2 with PID 4968 (C:\Users\ARYAN KIRAN\OneDrive\Desktop\Anuj Bhaiya Course\week4\prod_ready_features_12569a7ca6\prod-ready-features\target\classes started by ARYAN KIRAN in C:\Users\ARYAN KIRAN\OneDrive\Desktop\Anuj Bhaiya Course\week4\prod_ready_features_12569a7ca6\prod-ready-features)
2025-12-20T15:41:46.383+05:30  INFO 4968 --- [prod-ready-features] [restartedMain] c.c.A.p.ProdReadyFeaturesApplication     : No active profile set, falling back to 1 default profile: "default"
2025-12-20T15:41:46.502+05:30  INFO 4968 --- [prod-ready-features] [restartedMain] .e.DevToolsPropertyDefaultsPostProcessor : Devtools property defaults active! Set 'spring.devtools.add-properties' to 'false' to disable
2025-12-20T15:41:46.502+05:30  INFO 4968 --- [prod-ready-features] [restartedMain] .e.DevToolsPropertyDefaultsPostProcessor : For additional web related logging consider setting the 'logging.level.web' property to 'DEBUG'
2025-12-20T15:41:48.668+05:30  INFO 4968 --- [prod-ready-features] [restartedMain] .s.d.r.c.RepositoryConfigurationDelegate : Bootstrapping Spring Data JPA repositories in DEFAULT mode.
2025-12-20T15:41:48.833+05:30  INFO 4968 --- [prod-ready-features] [restartedMain] .s.d.r.c.RepositoryConfigurationDelegate : Finished Spring Data repository scanning in 146 ms. Found 1 JPA repository interface.
2025-12-20T15:41:50.692+05:30  INFO 4968 --- [prod-ready-features] [restartedMain] o.s.b.w.embedded.tomcat.TomcatWebServer  : Tomcat initialized with port 8080 (http)
2025-12-20T15:41:50.721+05:30  INFO 4968 --- [prod-ready-features] [restartedMain] o.apache.catalina.core.StandardService   : Starting service [Tomcat]
2025-12-20T15:41:50.721+05:30  INFO 4968 --- [prod-ready-features] [restartedMain] o.apache.catalina.core.StandardEngine    : Starting Servlet engine: [Apache Tomcat/10.1.25]
2025-12-20T15:41:50.823+05:30  INFO 4968 --- [prod-ready-features] [restartedMain] o.a.c.c.C.[Tomcat].[localhost].[/]       : Initializing Spring embedded WebApplicationContext
2025-12-20T15:41:50.824+05:30  INFO 4968 --- [prod-ready-features] [restartedMain] w.s.c.ServletWebServerApplicationContext : Root WebApplicationContext: initialization completed in 4321 ms
2025-12-20T15:41:51.542+05:30  INFO 4968 --- [prod-ready-features] [restartedMain] o.hibernate.jpa.internal.util.LogHelper  : HHH000204: Processing PersistenceUnitInfo [name: default]
2025-12-20T15:41:51.784+05:30  INFO 4968 --- [prod-ready-features] [restartedMain] org.hibernate.Version                    : HHH000412: Hibernate ORM core version 6.5.2.Final
2025-12-20T15:41:51.894+05:30  INFO 4968 --- [prod-ready-features] [restartedMain] o.h.c.internal.RegionFactoryInitiator    : HHH000026: Second-level cache disabled
2025-12-20T15:41:52.571+05:30  INFO 4968 --- [prod-ready-features] [restartedMain] o.s.o.j.p.SpringPersistenceUnitInfo      : No LoadTimeWeaver setup: ignoring JPA class transformer
2025-12-20T15:41:52.629+05:30  INFO 4968 --- [prod-ready-features] [restartedMain] com.zaxxer.hikari.HikariDataSource       : HikariPool-1 - Starting...
2025-12-20T15:41:52.887+05:30  INFO 4968 --- [prod-ready-features] [restartedMain] com.zaxxer.hikari.pool.HikariPool        : HikariPool-1 - Added connection com.mysql.cj.jdbc.ConnectionImpl@52e70260
2025-12-20T15:41:52.889+05:30  INFO 4968 --- [prod-ready-features] [restartedMain] com.zaxxer.hikari.HikariDataSource       : HikariPool-1 - Start completed.
2025-12-20T15:41:52.962+05:30  WARN 4968 --- [prod-ready-features] [restartedMain] org.hibernate.orm.deprecation            : HHH90000025: MySQLDialect does not need to be specified explicitly using 'hibernate.dialect' (remove the property setting and it will be selected by default)
2025-12-20T15:41:54.018+05:30  INFO 4968 --- [prod-ready-features] [restartedMain] o.h.e.t.j.p.i.JtaPlatformInitiator       : HHH000489: No JTA platform available (set 'hibernate.transaction.jta.platform' to enable JTA platform integration)
2025-12-20T15:41:54.080+05:30  INFO 4968 --- [prod-ready-features] [restartedMain] j.LocalContainerEntityManagerFactoryBean : Initialized JPA EntityManagerFactory for persistence unit 'default'
2025-12-20T15:41:55.398+05:30  WARN 4968 --- [prod-ready-features] [restartedMain] JpaBaseConfiguration$JpaWebConfiguration : spring.jpa.open-in-view is enabled by default. Therefore, database queries may be performed during view rendering. Explicitly configure spring.jpa.open-in-view to disable this warning
2025-12-20T15:41:57.397+05:30  INFO 4968 --- [prod-ready-features] [restartedMain] o.s.b.d.a.OptionalLiveReloadServer       : LiveReload server is running on port 35729
2025-12-20T15:41:57.415+05:30  INFO 4968 --- [prod-ready-features] [restartedMain] o.s.b.a.e.web.EndpointLinksResolver      : Exposing 15 endpoints beneath base path '/actuator'
2025-12-20T15:41:57.658+05:30  INFO 4968 --- [prod-ready-features] [restartedMain] o.s.b.w.embedded.tomcat.TomcatWebServer  : Tomcat started on port 8080 (http) with context path '/'
2025-12-20T15:41:57.743+05:30  INFO 4968 --- [prod-ready-features] [restartedMain] c.c.A.p.ProdReadyFeaturesApplication     : Started ProdReadyFeaturesApplication in 12.39 seconds (process running for 13.322)
2025-12-20T15:42:27.993+05:30  INFO 4968 --- [prod-ready-features] [http-nio-8080-exec-2] o.a.c.c.C.[Tomcat].[localhost].[/]       : Initializing Spring DispatcherServlet 'dispatcherServlet'
2025-12-20T15:42:27.994+05:30  INFO 4968 --- [prod-ready-features] [http-nio-8080-exec-2] o.s.web.servlet.DispatcherServlet        : Initializing Servlet 'dispatcherServlet'
2025-12-20T15:42:27.996+05:30  INFO 4968 --- [prod-ready-features] [http-nio-8080-exec-2] o.s.web.servlet.DispatcherServlet        : Completed initialization in 2 ms
2025-12-20T15:42:28.107+05:30 ERROR 4968 --- [prod-ready-features] [http-nio-8080-exec-2] c.c.A.p.client.UserClient                : error log
2025-12-20T15:42:28.108+05:30  WARN 4968 --- [prod-ready-features] [http-nio-8080-exec-2] c.c.A.p.client.UserClient                : warn log
2025-12-20T15:42:28.344+05:30 ERROR 4968 --- [prod-ready-features] [http-nio-8080-exec-2] o.a.c.c.C.[.[.[/].[dispatcherServlet]    : Servlet.service() for servlet [dispatcherServlet] in context with path [] threw exception [Request processing failed: org.springframework.web.client.ResourceAccessException: I/O error on GET request for "http://localhost:8081/users/1": null] with root cause

java.nio.channels.ClosedChannelException: null
	at java.base/sun.nio.ch.SocketChannelImpl.ensureOpen(SocketChannelImpl.java:204) ~[na:na]
	at java.base/sun.nio.ch.SocketChannelImpl.beginConnect(SocketChannelImpl.java:873) ~[na:na]
	at java.base/sun.nio.ch.SocketChannelImpl.connect(SocketChannelImpl.java:961) ~[na:na]
	at java.net.http/jdk.internal.net.http.PlainHttpConnection.lambda$connectAsync$1(PlainHttpConnection.java:210) ~[java.net.http:na]
	at java.base/java.security.AccessController.doPrivileged(AccessController.java:571) ~[na:na]
	at java.net.http/jdk.internal.net.http.PlainHttpConnection.connectAsync(PlainHttpConnection.java:212) ~[java.net.http:na]
	at java.net.http/jdk.internal.net.http.PlainHttpConnection.checkRetryConnect(PlainHttpConnection.java:280) ~[java.net.http:na]
	at java.net.http/jdk.internal.net.http.PlainHttpConnection.lambda$connectAsync$2(PlainHttpConnection.java:238) ~[java.net.http:na]
	at java.base/java.util.concurrent.CompletableFuture.uniHandle(CompletableFuture.java:934) ~[na:na]
	at java.base/java.util.concurrent.CompletableFuture$UniHandle.tryFire(CompletableFuture.java:911) ~[na:na]
	at java.base/java.util.concurrent.CompletableFuture.postComplete(CompletableFuture.java:510) ~[na:na]
	at java.base/java.util.concurrent.CompletableFuture$AsyncSupply.run(CompletableFuture.java:1773) ~[na:na]
	at java.base/java.util.concurrent.ThreadPoolExecutor.runWorker(ThreadPoolExecutor.java:1144) ~[na:na]
	at java.base/java.util.concurrent.ThreadPoolExecutor$Worker.run(ThreadPoolExecutor.java:642) ~[na:na]
	at java.base/java.lang.Thread.run(Thread.java:1570) ~[na:na]

2025-12-20T15:58:15.788+05:30  INFO 4968 --- [prod-ready-features] [SpringApplicationShutdownHook] j.LocalContainerEntityManagerFactoryBean : Closing JPA EntityManagerFactory for persistence unit 'default'
2025-12-20T15:58:15.829+05:30  INFO 4968 --- [prod-ready-features] [SpringApplicationShutdownHook] com.zaxxer.hikari.HikariDataSource       : HikariPool-1 - Shutdown initiated...
2025-12-20T15:58:15.885+05:30  INFO 4968 --- [prod-ready-features] [SpringApplicationShutdownHook] com.zaxxer.hikari.HikariDataSource       : HikariPool-1 - Shutdown completed.
